[2026-02-16 17:35:23] [INFO] =======================================================
[2026-02-16 17:35:23] [INFO]   BRONZE TIER - REASONING LOOP v1.0
[2026-02-16 17:35:23] [INFO] =======================================================
[2026-02-16 17:35:23] [INFO]   Vault:  /mnt/e/Personal-AI-Employee-Hackathon-0/AI-Employee-Vault/bronze-tier
[2026-02-16 17:35:23] [INFO]   Source: /mnt/e/Personal-AI-Employee-Hackathon-0/AI-Employee-Vault/bronze-tier/Needs_Action
[2026-02-16 17:35:23] [INFO]   Target: /mnt/e/Personal-AI-Employee-Hackathon-0/AI-Employee-Vault/bronze-tier/Done
[2026-02-16 17:35:23] [INFO] =======================================================
[2026-02-16 17:35:23] [INFO] Found 3 pending task(s)
[2026-02-16 17:35:23] [INFO]   Processing: clients_notes_processed.md (original: clients_notes.txt)
[2026-02-16 17:35:23] [INFO]   >> clients_notes_processed.md --> /Done/clients_notes_processed.md
[2026-02-16 17:35:23] [INFO]   Processing: clientss_processed.md (original: clientss.txt)
[2026-02-16 17:35:23] [INFO]   >> clientss_processed.md --> /Done/clientss_processed.md
[2026-02-16 17:35:23] [INFO]   Processing: tpy_processed.md (original: tpy.txt)
[2026-02-16 17:35:23] [INFO]   >> tpy_processed.md --> /Done/tpy_processed.md
[2026-02-16 17:35:23] [INFO]   Dashboard updated: Inbox=0 | Action=0 | Done=5
[2026-02-16 17:35:23] [INFO] =======================================================
[2026-02-16 17:35:23] [INFO]   REASONING LOOP COMPLETE
[2026-02-16 17:35:23] [INFO]   Completed:      3
[2026-02-16 17:35:23] [INFO]   Needs Approval: 0
[2026-02-16 17:35:23] [INFO]   Errors:         0
[2026-02-16 17:35:23] [INFO] =======================================================
[2026-02-16 17:35:23] [INFO]   Done: clients_notes_processed.md, clientss_processed.md, tpy_processed.md
[2026-02-16 22:24:49] [INFO] =======================================================
[2026-02-16 22:24:49] [INFO]   BRONZE TIER - REASONING LOOP v1.0
[2026-02-16 22:24:49] [INFO] =======================================================
[2026-02-16 22:24:49] [INFO]   Vault:  E:\Personal-AI-Employee-Hackathon-0\AI-Employee-Vault\bronze-tier
[2026-02-16 22:24:49] [INFO]   Source: E:\Personal-AI-Employee-Hackathon-0\AI-Employee-Vault\bronze-tier\Needs_Action
[2026-02-16 22:24:49] [INFO]   Target: E:\Personal-AI-Employee-Hackathon-0\AI-Employee-Vault\bronze-tier\Done
[2026-02-16 22:24:49] [INFO] =======================================================
[2026-02-16 22:24:49] [INFO] Found 3 pending task(s)
[2026-02-16 22:24:49] [INFO]   Processing: clintes_processed.md (original: clintes.txt)
[2026-02-16 22:24:49] [INFO]   >> clintes_processed.md --> /Done/clintes_processed.md
[2026-02-16 22:24:49] [INFO]   Processing: king_processed.md (original: king.txt)
[2026-02-16 22:24:49] [INFO]   >> king_processed.md --> /Done/king_processed.md
[2026-02-16 22:24:49] [INFO]   Processing: typn_processed.md (original: typn.txt)
[2026-02-16 22:24:49] [INFO]   >> typn_processed.md --> /Done/typn_processed.md
[2026-02-16 22:24:49] [INFO]   Dashboard updated: Inbox=0 | Action=0 | Done=5
[2026-02-16 22:24:49] [INFO] =======================================================
[2026-02-16 22:24:49] [INFO]   REASONING LOOP COMPLETE
[2026-02-16 22:24:49] [INFO]   Completed:      3
[2026-02-16 22:24:49] [INFO]   Needs Approval: 0
[2026-02-16 22:24:49] [INFO]   Errors:         0
[2026-02-16 22:24:49] [INFO] =======================================================
[2026-02-16 22:24:49] [INFO]   Done: clintes_processed.md, king_processed.md, typn_processed.md
[2026-02-16 22:26:42] [INFO] =======================================================
[2026-02-16 22:26:42] [INFO]   BRONZE TIER - REASONING LOOP v1.0
[2026-02-16 22:26:42] [INFO] =======================================================
[2026-02-16 22:26:42] [INFO]   Vault:  E:\Personal-AI-Employee-Hackathon-0\AI-Employee-Vault\bronze-tier
[2026-02-16 22:26:42] [INFO]   Source: E:\Personal-AI-Employee-Hackathon-0\AI-Employee-Vault\bronze-tier\Needs_Action
[2026-02-16 22:26:42] [INFO]   Target: E:\Personal-AI-Employee-Hackathon-0\AI-Employee-Vault\bronze-tier\Done
[2026-02-16 22:26:42] [INFO] =======================================================
[2026-02-16 22:26:42] [INFO] Found 1 pending task(s)
[2026-02-16 22:26:42] [INFO]   Processing: rose_processed.md (original: rose.txt)
[2026-02-16 22:26:42] [INFO]   >> rose_processed.md --> /Done/rose_processed.md
[2026-02-16 22:26:42] [INFO]   Dashboard updated: Inbox=0 | Action=0 | Done=6
[2026-02-16 22:26:42] [INFO] =======================================================
[2026-02-16 22:26:42] [INFO]   REASONING LOOP COMPLETE
[2026-02-16 22:26:42] [INFO]   Completed:      1
[2026-02-16 22:26:42] [INFO]   Needs Approval: 0
[2026-02-16 22:26:42] [INFO]   Errors:         0
[2026-02-16 22:26:42] [INFO] =======================================================
[2026-02-16 22:26:42] [INFO]   Done: rose_processed.md
[2026-02-16 22:54:36] [INFO] =======================================================
[2026-02-16 22:54:36] [INFO]   BRONZE TIER - REASONING LOOP v1.0
[2026-02-16 22:54:36] [INFO] =======================================================
[2026-02-16 22:54:36] [INFO]   Vault:  E:\Personal-AI-Employee-Hackathon-0\AI-Employee-Vault\bronze-tier
[2026-02-16 22:54:36] [INFO]   Source: E:\Personal-AI-Employee-Hackathon-0\AI-Employee-Vault\bronze-tier\Needs_Action
[2026-02-16 22:54:36] [INFO]   Target: E:\Personal-AI-Employee-Hackathon-0\AI-Employee-Vault\bronze-tier\Done
[2026-02-16 22:54:36] [INFO] =======================================================
[2026-02-16 22:54:36] [INFO] Found 1 pending task(s)
[2026-02-16 22:54:36] [INFO]   Processing: tyt_processed.md (original: tyt.txt)
[2026-02-16 22:54:36] [INFO]   >> tyt_processed.md --> /Done/tyt_processed.md
[2026-02-16 22:54:36] [INFO]   Dashboard updated: Inbox=0 | Action=0 | Done=5
[2026-02-16 22:54:36] [INFO] =======================================================
[2026-02-16 22:54:36] [INFO]   REASONING LOOP COMPLETE
[2026-02-16 22:54:36] [INFO]   Completed:      1
[2026-02-16 22:54:36] [INFO]   Needs Approval: 0
[2026-02-16 22:54:36] [INFO]   Errors:         0
[2026-02-16 22:54:36] [INFO] =======================================================
[2026-02-16 22:54:36] [INFO]   Done: tyt_processed.md
[2026-02-16 23:50:39] [INFO] =======================================================
[2026-02-16 23:50:39] [INFO]   BRONZE TIER - REASONING LOOP v1.0
[2026-02-16 23:50:39] [INFO] =======================================================
[2026-02-16 23:50:39] [INFO]   Vault:  E:\Personal-AI-Employee-Hackathon-0\AI-Employee-Vault\bronze-tier
[2026-02-16 23:50:39] [INFO]   Source: E:\Personal-AI-Employee-Hackathon-0\AI-Employee-Vault\bronze-tier\Needs_Action
[2026-02-16 23:50:39] [INFO]   Target: E:\Personal-AI-Employee-Hackathon-0\AI-Employee-Vault\bronze-tier\Done
[2026-02-16 23:50:39] [INFO] =======================================================
[2026-02-16 23:50:39] [INFO] No pending tasks in /Needs_Action
[2026-02-16 23:50:55] [INFO] =======================================================
[2026-02-16 23:50:55] [INFO]   BRONZE TIER - REASONING LOOP v1.0
[2026-02-16 23:50:55] [INFO] =======================================================
[2026-02-16 23:50:55] [INFO]   Vault:  E:\Personal-AI-Employee-Hackathon-0\AI-Employee-Vault\bronze-tier
[2026-02-16 23:50:55] [INFO]   Source: E:\Personal-AI-Employee-Hackathon-0\AI-Employee-Vault\bronze-tier\Needs_Action
[2026-02-16 23:50:55] [INFO]   Target: E:\Personal-AI-Employee-Hackathon-0\AI-Employee-Vault\bronze-tier\Done
[2026-02-16 23:50:55] [INFO] =======================================================
[2026-02-16 23:50:55] [INFO] No pending tasks in /Needs_Action
[2026-02-16 23:54:15] [INFO] =======================================================
[2026-02-16 23:54:15] [INFO]   BRONZE TIER - REASONING LOOP v1.0
[2026-02-16 23:54:15] [INFO] =======================================================
[2026-02-16 23:54:15] [INFO]   Vault:  E:\Personal-AI-Employee-Hackathon-0\AI-Employee-Vault\bronze-tier
[2026-02-16 23:54:15] [INFO]   Source: E:\Personal-AI-Employee-Hackathon-0\AI-Employee-Vault\bronze-tier\Needs_Action
[2026-02-16 23:54:15] [INFO]   Target: E:\Personal-AI-Employee-Hackathon-0\AI-Employee-Vault\bronze-tier\Done
[2026-02-16 23:54:15] [INFO] =======================================================
[2026-02-16 23:54:15] [INFO] Found 1 pending task(s)
[2026-02-16 23:54:15] [INFO]   Processing: actionss_processed.md (original: actionss.txt)
[2026-02-16 23:54:15] [INFO]   >> actionss_processed.md --> /Done/actionss_processed.md
[2026-02-16 23:54:15] [INFO]   Dashboard updated: Inbox=0 | Action=0 | Done=6
[2026-02-16 23:54:15] [INFO] =======================================================
[2026-02-16 23:54:15] [INFO]   REASONING LOOP COMPLETE
[2026-02-16 23:54:15] [INFO]   Completed:      1
[2026-02-16 23:54:15] [INFO]   Needs Approval: 0
[2026-02-16 23:54:15] [INFO]   Errors:         0
[2026-02-16 23:54:15] [INFO] =======================================================
[2026-02-16 23:54:15] [INFO]   Done: actionss_processed.md
[2026-02-17 00:22:44] [INFO] =======================================================
[2026-02-17 00:22:44] [INFO]   BRONZE TIER - REASONING LOOP v1.0
[2026-02-17 00:22:44] [INFO] =======================================================
[2026-02-17 00:22:44] [INFO]   Vault:  E:\Personal-AI-Employee-Hackathon-0\AI-Employee-Vault\bronze-tier
[2026-02-17 00:22:44] [INFO]   Source: E:\Personal-AI-Employee-Hackathon-0\AI-Employee-Vault\bronze-tier\Needs_Action
[2026-02-17 00:22:44] [INFO]   Target: E:\Personal-AI-Employee-Hackathon-0\AI-Employee-Vault\bronze-tier\Done
[2026-02-17 00:22:44] [INFO] =======================================================
[2026-02-17 00:22:44] [INFO] Found 1 pending task(s)
[2026-02-17 00:22:44] [INFO]   Processing: autofiles_processed.md (original: autofiles.txt)
[2026-02-17 00:22:44] [INFO]   >> autofiles_processed.md --> /Done/autofiles_processed.md
[2026-02-17 00:22:44] [INFO]   Dashboard updated: Inbox=0 | Action=0 | Done=7
[2026-02-17 00:22:44] [INFO] =======================================================
[2026-02-17 00:22:44] [INFO]   REASONING LOOP COMPLETE
[2026-02-17 00:22:44] [INFO]   Completed:      1
[2026-02-17 00:22:44] [INFO]   Needs Approval: 0
[2026-02-17 00:22:44] [INFO]   Errors:         0
[2026-02-17 00:22:44] [INFO] =======================================================
[2026-02-17 00:22:44] [INFO]   Done: autofiles_processed.md
[2026-02-17 01:39:11] [INFO] =======================================================
[2026-02-17 01:39:11] [INFO]   BRONZE TIER - REASONING LOOP v1.0
[2026-02-17 01:39:11] [INFO] =======================================================
[2026-02-17 01:39:11] [INFO]   Vault:  E:\Personal-AI-Employee-Hackathon-0\AI-Employee-Vault\bronze-tier
[2026-02-17 01:39:11] [INFO]   Source: E:\Personal-AI-Employee-Hackathon-0\AI-Employee-Vault\bronze-tier\Needs_Action
[2026-02-17 01:39:11] [INFO]   Target: E:\Personal-AI-Employee-Hackathon-0\AI-Employee-Vault\bronze-tier\Done
[2026-02-17 01:39:11] [INFO] =======================================================
[2026-02-17 01:39:11] [INFO] Found 1 pending task(s)
[2026-02-17 01:39:11] [INFO]   Processing: clients_notes_processed.md (original: clients_notes.txt)
[2026-02-17 01:39:11] [INFO]   >> clients_notes_processed.md --> /Done/clients_notes_processed.md
[2026-02-17 01:39:11] [INFO]   Dashboard updated: Inbox=0 | Action=0 | Done=2
[2026-02-17 01:39:11] [INFO] =======================================================
[2026-02-17 01:39:11] [INFO]   REASONING LOOP COMPLETE
[2026-02-17 01:39:11] [INFO]   Completed:      1
[2026-02-17 01:39:11] [INFO]   Needs Approval: 0
[2026-02-17 01:39:11] [INFO]   Errors:         0
[2026-02-17 01:39:11] [INFO] =======================================================
[2026-02-17 01:39:11] [INFO]   Done: clients_notes_processed.md
[2026-02-17 02:08:37] [INFO] =======================================================
[2026-02-17 02:08:37] [INFO]   BRONZE TIER - REASONING LOOP v1.0
[2026-02-17 02:08:37] [INFO] =======================================================
[2026-02-17 02:08:37] [INFO]   Vault:  E:\Personal-AI-Employee-Hackathon-0\AI-Employee-Vault\bronze-tier
[2026-02-17 02:08:37] [INFO]   Source: E:\Personal-AI-Employee-Hackathon-0\AI-Employee-Vault\bronze-tier\Needs_Action
[2026-02-17 02:08:37] [INFO]   Target: E:\Personal-AI-Employee-Hackathon-0\AI-Employee-Vault\bronze-tier\Done
[2026-02-17 02:08:37] [INFO] =======================================================
[2026-02-17 02:08:37] [INFO] Found 1 pending task(s)
[2026-02-17 02:08:37] [INFO]   Processing: clients_notes_processed.md (original: clients_notes.txt)
[2026-02-17 02:08:37] [INFO]   >> clients_notes_processed.md --> /Done/clients_notes_processed.md
[2026-02-17 02:08:37] [INFO]   Dashboard updated: Inbox=0 | Action=0 | Done=1
[2026-02-17 02:08:37] [INFO] =======================================================
[2026-02-17 02:08:37] [INFO]   REASONING LOOP COMPLETE
[2026-02-17 02:08:37] [INFO]   Completed:      1
[2026-02-17 02:08:37] [INFO]   Needs Approval: 0
[2026-02-17 02:08:37] [INFO]   Errors:         0
[2026-02-17 02:08:37] [INFO] =======================================================
[2026-02-17 02:08:37] [INFO]   Done: clients_notes_processed.md
[2026-02-17 02:51:26] [INFO] =======================================================
[2026-02-17 02:51:26] [INFO]   BRONZE TIER - REASONING LOOP v1.0
[2026-02-17 02:51:26] [INFO] =======================================================
[2026-02-17 02:51:26] [INFO]   Vault:  E:\Personal-AI-Employee-Hackathon-0\AI-Employee-Vault\bronze-tier
[2026-02-17 02:51:26] [INFO]   Source: E:\Personal-AI-Employee-Hackathon-0\AI-Employee-Vault\bronze-tier\Needs_Action
[2026-02-17 02:51:26] [INFO]   Target: E:\Personal-AI-Employee-Hackathon-0\AI-Employee-Vault\bronze-tier\Done
[2026-02-17 02:51:27] [INFO] =======================================================
[2026-02-17 02:51:27] [INFO] Found 1 pending task(s)
[2026-02-17 02:51:27] [INFO]   Processing: clients_notes_processed.md (original: clients_notes.txt)
[2026-02-17 02:51:27] [INFO]   >> clients_notes_processed.md --> /Done/clients_notes_processed.md
[2026-02-17 02:51:27] [INFO]   Dashboard updated: Inbox=0 | Action=0 | Done=1
[2026-02-17 02:51:27] [INFO] =======================================================
[2026-02-17 02:51:27] [INFO]   REASONING LOOP COMPLETE
[2026-02-17 02:51:27] [INFO]   Completed:      1
[2026-02-17 02:51:27] [INFO]   Needs Approval: 0
[2026-02-17 02:51:27] [INFO]   Errors:         0
[2026-02-17 02:51:27] [INFO] =======================================================
[2026-02-17 02:51:27] [INFO]   Done: clients_notes_processed.md
