[2026-02-16 17:07:46] [HEADER] =======================================================
[2026-02-16 17:07:46] [HEADER]   BRONZE TIER - FILESYSTEM WATCHER v2.0
[2026-02-16 17:07:46] [HEADER] =======================================================
[2026-02-16 17:07:46] [INFO]   Vault:    E:\Personal-AI-Employee-Hackathon-0\AI-Employee-Vault\bronze-tier
[2026-02-16 17:07:46] [INFO]   Monitor:  E:\Personal-AI-Employee-Hackathon-0\AI-Employee-Vault\bronze-tier\Inbox
[2026-02-16 17:07:46] [INFO]   Target:   E:\Personal-AI-Employee-Hackathon-0\AI-Employee-Vault\bronze-tier\Needs_Action
[2026-02-16 17:07:46] [INFO]   Log file: E:\Personal-AI-Employee-Hackathon-0\AI-Employee-Vault\bronze-tier\Logs\watcher.log
[2026-02-16 17:07:46] [INFO]   Interval: 10s
[2026-02-16 17:07:46] [HEADER] =======================================================
[2026-02-16 17:07:46] [SUCCESS]   Drop any file in /Inbox — watcher will pick it up!
[2026-02-16 17:07:46] [WARN]   Press Ctrl+C to stop
[2026-02-16 17:07:46] [HEADER] =======================================================
[2026-02-16 17:08:16] [SUCCESS] [Cycle 4] Found 1 new file(s)!
[2026-02-16 17:08:16] [SUCCESS]   >> clients_notes.txt --> /Needs_Action/clients_notes_processed.md
[2026-02-16 17:08:16] [INFO]   Dashboard updated: Inbox=0 | Action=1 | Done=2
[2026-02-16 17:08:36] [INFO] [Cycle 6] Inbox empty, watching...
[2026-02-16 17:09:36] [INFO] [Cycle 12] Inbox empty, watching...
[2026-02-16 17:10:36] [INFO] [Cycle 18] Inbox empty, watching...
[2026-02-16 17:11:36] [INFO] [Cycle 24] Inbox empty, watching...
[2026-02-16 17:12:36] [INFO] [Cycle 30] Inbox empty, watching...
[2026-02-16 17:13:16] [SUCCESS] [Cycle 34] Found 1 new file(s)!
[2026-02-16 17:13:16] [SUCCESS]   >> tpy.txt --> /Needs_Action/tpy_processed.md
[2026-02-16 17:13:16] [INFO]   Dashboard updated: Inbox=0 | Action=2 | Done=2
[2026-02-16 17:13:37] [INFO] [Cycle 36] Inbox empty, watching...
[2026-02-16 17:14:37] [INFO] [Cycle 42] Inbox empty, watching...
[2026-02-16 17:24:10] [INFO] =======================================================
[2026-02-16 17:24:10] [INFO]   BRONZE TIER - FILESYSTEM WATCHER v3.0
[2026-02-16 17:24:10] [INFO] =======================================================
[2026-02-16 17:24:10] [INFO]   Vault:    E:\Personal-AI-Employee-Hackathon-0\AI-Employee-Vault\bronze-tier
[2026-02-16 17:24:10] [INFO]   Monitor:  E:\Personal-AI-Employee-Hackathon-0\AI-Employee-Vault\bronze-tier\Inbox
[2026-02-16 17:24:10] [INFO]   Target:   E:\Personal-AI-Employee-Hackathon-0\AI-Employee-Vault\bronze-tier\Needs_Action
[2026-02-16 17:24:10] [INFO]   Log file: E:\Personal-AI-Employee-Hackathon-0\AI-Employee-Vault\bronze-tier\Logs\watcher.log
[2026-02-16 17:24:10] [INFO]   Interval: 10s
[2026-02-16 17:24:10] [INFO] =======================================================
[2026-02-16 17:24:10] [INFO]   Drop any file in /Inbox — watcher will pick it up!
[2026-02-16 17:24:10] [WARNING]   Press Ctrl+C to stop
[2026-02-16 17:24:10] [INFO] =======================================================
[2026-02-16 17:24:50] [INFO] [Cycle 5] Found 1 new file(s)!
[2026-02-16 17:24:50] [INFO]   >> clientss.txt --> /Needs_Action/clientss_processed.md
[2026-02-16 17:24:50] [INFO]   Dashboard activity appended for clientss.txt
[2026-02-16 17:24:50] [INFO]   Counts updated: Inbox=0 | Action=3 | Done=2
[2026-02-16 17:25:00] [DEBUG] [Cycle 6] Inbox empty, watching...
[2026-02-16 17:26:00] [DEBUG] [Cycle 12] Inbox empty, watching...
[2026-02-16 17:27:00] [DEBUG] [Cycle 18] Inbox empty, watching...
[2026-02-16 17:28:00] [DEBUG] [Cycle 24] Inbox empty, watching...
[2026-02-16 17:29:00] [DEBUG] [Cycle 30] Inbox empty, watching...
[2026-02-16 17:30:00] [DEBUG] [Cycle 36] Inbox empty, watching...
[2026-02-16 17:31:00] [DEBUG] [Cycle 42] Inbox empty, watching...
[2026-02-16 17:32:00] [DEBUG] [Cycle 48] Inbox empty, watching...
[2026-02-16 17:33:00] [DEBUG] [Cycle 54] Inbox empty, watching...
[2026-02-16 17:34:00] [DEBUG] [Cycle 60] Inbox empty, watching...
[2026-02-16 17:35:00] [DEBUG] [Cycle 66] Inbox empty, watching...
[2026-02-16 17:36:00] [DEBUG] [Cycle 72] Inbox empty, watching...
[2026-02-16 17:36:45] [INFO] =======================================================
[2026-02-16 17:36:45] [INFO]   BRONZE TIER - FILESYSTEM WATCHER v3.0
[2026-02-16 17:36:45] [INFO] =======================================================
[2026-02-16 17:36:45] [INFO]   Vault:    E:\Personal-AI-Employee-Hackathon-0\AI-Employee-Vault\bronze-tier
[2026-02-16 17:36:45] [INFO]   Monitor:  E:\Personal-AI-Employee-Hackathon-0\AI-Employee-Vault\bronze-tier\Inbox
[2026-02-16 17:36:45] [INFO]   Target:   E:\Personal-AI-Employee-Hackathon-0\AI-Employee-Vault\bronze-tier\Needs_Action
[2026-02-16 17:36:45] [INFO]   Log file: E:\Personal-AI-Employee-Hackathon-0\AI-Employee-Vault\bronze-tier\Logs\watcher.log
[2026-02-16 17:36:45] [INFO]   Interval: 10s
[2026-02-16 17:36:45] [INFO] =======================================================
[2026-02-16 17:36:45] [INFO]   Drop any file in /Inbox — watcher will pick it up!
[2026-02-16 17:36:45] [WARNING]   Press Ctrl+C to stop
[2026-02-16 17:36:45] [INFO] =======================================================
[2026-02-16 17:37:25] [INFO] [Cycle 5] Found 1 new file(s)!
[2026-02-16 17:37:25] [INFO]   >> system.txt --> /Needs_Action/system_processed.md
[2026-02-16 17:37:25] [INFO]   Dashboard activity appended for system.txt
[2026-02-16 17:37:25] [INFO]   Counts updated: Inbox=0 | Action=1 | Done=5
[2026-02-16 17:37:35] [DEBUG] [Cycle 6] Inbox empty, watching...
[2026-02-16 17:38:35] [DEBUG] [Cycle 12] Inbox empty, watching...
[2026-02-16 17:39:35] [DEBUG] [Cycle 18] Inbox empty, watching...
[2026-02-16 17:40:04] [INFO] =======================================================
[2026-02-16 17:40:04] [INFO]   BRONZE TIER - FILESYSTEM WATCHER v3.0
[2026-02-16 17:40:04] [INFO] =======================================================
[2026-02-16 17:40:04] [INFO]   Vault:    E:\Personal-AI-Employee-Hackathon-0\AI-Employee-Vault\bronze-tier
[2026-02-16 17:40:04] [INFO]   Monitor:  E:\Personal-AI-Employee-Hackathon-0\AI-Employee-Vault\bronze-tier\Inbox
[2026-02-16 17:40:04] [INFO]   Target:   E:\Personal-AI-Employee-Hackathon-0\AI-Employee-Vault\bronze-tier\Needs_Action
[2026-02-16 17:40:04] [INFO]   Log file: E:\Personal-AI-Employee-Hackathon-0\AI-Employee-Vault\bronze-tier\Logs\watcher.log
[2026-02-16 17:40:04] [INFO]   Interval: 10s
[2026-02-16 17:40:04] [INFO] =======================================================
[2026-02-16 17:40:04] [INFO]   Drop any file in /Inbox — watcher will pick it up!
[2026-02-16 17:40:04] [WARNING]   Press Ctrl+C to stop
[2026-02-16 17:40:04] [INFO] =======================================================
[2026-02-16 17:40:54] [DEBUG] [Cycle 6] Inbox empty, watching...
[2026-02-16 17:41:04] [INFO] [Cycle 7] Found 1 new file(s)!
[2026-02-16 17:41:04] [INFO]   >> clintes.txt --> /Needs_Action/clintes_processed.md
[2026-02-16 17:41:04] [INFO]   Dashboard activity appended for clintes.txt
[2026-02-16 17:41:04] [INFO]   Counts updated: Inbox=0 | Action=2 | Done=2
[2026-02-16 17:41:54] [DEBUG] [Cycle 12] Inbox empty, watching...
[2026-02-16 17:42:54] [INFO] [Cycle 18] Found 1 new file(s)!
[2026-02-16 17:42:54] [INFO]   >> donesss.txt --> /Needs_Action/donesss_processed.md
[2026-02-16 17:42:54] [INFO]   Dashboard activity appended for donesss.txt
[2026-02-16 17:42:55] [INFO]   Counts updated: Inbox=0 | Action=2 | Done=2
[2026-02-16 17:43:55] [DEBUG] [Cycle 24] Inbox empty, watching...
[2026-02-16 17:44:55] [DEBUG] [Cycle 30] Inbox empty, watching...
[2026-02-16 17:45:55] [DEBUG] [Cycle 36] Inbox empty, watching...
[2026-02-16 17:46:55] [DEBUG] [Cycle 42] Inbox empty, watching...
[2026-02-16 17:47:55] [DEBUG] [Cycle 48] Inbox empty, watching...
[2026-02-16 17:48:55] [DEBUG] [Cycle 54] Inbox empty, watching...
[2026-02-16 17:49:55] [DEBUG] [Cycle 60] Inbox empty, watching...
[2026-02-16 17:50:55] [DEBUG] [Cycle 66] Inbox empty, watching...
[2026-02-16 17:51:55] [DEBUG] [Cycle 72] Inbox empty, watching...
[2026-02-16 17:52:35] [INFO] [Cycle 76] Found 1 new file(s)!
[2026-02-16 17:52:35] [INFO]   >> typn.txt --> /Needs_Action/typn_processed.md
[2026-02-16 17:52:35] [INFO]   Dashboard activity appended for typn.txt
[2026-02-16 17:52:35] [INFO]   Counts updated: Inbox=0 | Action=3 | Done=2
[2026-02-16 17:52:55] [DEBUG] [Cycle 78] Inbox empty, watching...
[2026-02-16 17:53:55] [DEBUG] [Cycle 84] Inbox empty, watching...
[2026-02-16 22:22:04] [INFO] =======================================================
[2026-02-16 22:22:04] [INFO]   BRONZE TIER - FILESYSTEM WATCHER v3.0
[2026-02-16 22:22:04] [INFO] =======================================================
[2026-02-16 22:22:04] [INFO]   Vault:    E:\Personal-AI-Employee-Hackathon-0\AI-Employee-Vault\bronze-tier
[2026-02-16 22:22:04] [INFO]   Monitor:  E:\Personal-AI-Employee-Hackathon-0\AI-Employee-Vault\bronze-tier\Inbox
[2026-02-16 22:22:04] [INFO]   Target:   E:\Personal-AI-Employee-Hackathon-0\AI-Employee-Vault\bronze-tier\Needs_Action
[2026-02-16 22:22:04] [INFO]   Log file: E:\Personal-AI-Employee-Hackathon-0\AI-Employee-Vault\bronze-tier\Logs\watcher.log
[2026-02-16 22:22:04] [INFO]   Interval: 10s
[2026-02-16 22:22:04] [INFO] =======================================================
[2026-02-16 22:22:04] [INFO]   Drop any file in /Inbox — watcher will pick it up!
[2026-02-16 22:22:04] [WARNING]   Press Ctrl+C to stop
[2026-02-16 22:22:04] [INFO] =======================================================
[2026-02-16 22:22:04] [INFO] [Cycle 1] Found 1 new file(s)!
[2026-02-16 22:22:04] [INFO]   >> king.txt --> /Needs_Action/king_processed.md
[2026-02-16 22:22:04] [INFO]   Dashboard activity appended for king.txt
[2026-02-16 22:22:04] [INFO]   Counts updated: Inbox=0 | Action=3 | Done=2
[2026-02-16 22:22:54] [DEBUG] [Cycle 6] Inbox empty, watching...
[2026-02-16 22:23:54] [DEBUG] [Cycle 12] Inbox empty, watching...
[2026-02-16 22:24:54] [DEBUG] [Cycle 18] Inbox empty, watching...
[2026-02-16 22:25:54] [INFO] [Cycle 24] Found 1 new file(s)!
[2026-02-16 22:25:54] [INFO]   >> rose.txt --> /Needs_Action/rose_processed.md
[2026-02-16 22:25:54] [INFO]   Dashboard activity appended for rose.txt
[2026-02-16 22:25:54] [INFO]   Counts updated: Inbox=0 | Action=1 | Done=5
[2026-02-16 22:26:55] [DEBUG] [Cycle 30] Inbox empty, watching...
[2026-02-16 22:27:55] [DEBUG] [Cycle 36] Inbox empty, watching...
[2026-02-16 22:28:55] [DEBUG] [Cycle 42] Inbox empty, watching...
[2026-02-16 22:29:55] [DEBUG] [Cycle 48] Inbox empty, watching...
[2026-02-16 22:30:55] [DEBUG] [Cycle 54] Inbox empty, watching...
[2026-02-16 22:31:55] [DEBUG] [Cycle 60] Inbox empty, watching...
[2026-02-16 22:32:55] [DEBUG] [Cycle 66] Inbox empty, watching...
[2026-02-16 22:33:55] [DEBUG] [Cycle 72] Inbox empty, watching...
[2026-02-16 22:34:55] [DEBUG] [Cycle 78] Inbox empty, watching...
[2026-02-16 22:35:55] [DEBUG] [Cycle 84] Inbox empty, watching...
[2026-02-16 22:36:55] [DEBUG] [Cycle 90] Inbox empty, watching...
[2026-02-16 22:37:55] [DEBUG] [Cycle 96] Inbox empty, watching...
[2026-02-16 22:38:55] [DEBUG] [Cycle 102] Inbox empty, watching...
[2026-02-16 22:39:55] [DEBUG] [Cycle 108] Inbox empty, watching...
[2026-02-16 22:40:55] [DEBUG] [Cycle 114] Inbox empty, watching...
[2026-02-16 22:41:55] [DEBUG] [Cycle 120] Inbox empty, watching...
[2026-02-16 22:42:55] [DEBUG] [Cycle 126] Inbox empty, watching...
[2026-02-16 22:43:55] [DEBUG] [Cycle 132] Inbox empty, watching...
[2026-02-16 22:44:55] [DEBUG] [Cycle 138] Inbox empty, watching...
[2026-02-16 22:45:55] [DEBUG] [Cycle 144] Inbox empty, watching...
[2026-02-16 22:46:55] [DEBUG] [Cycle 150] Inbox empty, watching...
[2026-02-16 22:47:55] [DEBUG] [Cycle 156] Inbox empty, watching...
[2026-02-16 22:48:55] [DEBUG] [Cycle 162] Inbox empty, watching...
[2026-02-16 22:53:17] [INFO] =======================================================
[2026-02-16 22:53:17] [INFO]   BRONZE TIER - FILESYSTEM WATCHER v3.0
[2026-02-16 22:53:17] [INFO] =======================================================
[2026-02-16 22:53:17] [INFO]   Vault:    E:\Personal-AI-Employee-Hackathon-0\AI-Employee-Vault\bronze-tier
[2026-02-16 22:53:17] [INFO]   Monitor:  E:\Personal-AI-Employee-Hackathon-0\AI-Employee-Vault\bronze-tier\Inbox
[2026-02-16 22:53:17] [INFO]   Target:   E:\Personal-AI-Employee-Hackathon-0\AI-Employee-Vault\bronze-tier\Needs_Action
[2026-02-16 22:53:17] [INFO]   Log file: E:\Personal-AI-Employee-Hackathon-0\AI-Employee-Vault\bronze-tier\Logs\watcher.log
[2026-02-16 22:53:17] [INFO]   Interval: 10s
[2026-02-16 22:53:17] [INFO] =======================================================
[2026-02-16 22:53:17] [INFO]   Drop any file in /Inbox — watcher will pick it up!
[2026-02-16 22:53:17] [WARNING]   Press Ctrl+C to stop
[2026-02-16 22:53:17] [INFO] =======================================================
[2026-02-16 22:53:17] [INFO] [Cycle 1] Found 1 new file(s)!
[2026-02-16 22:53:17] [INFO]   >> tyt.txt --> /Needs_Action/tyt_processed.md
[2026-02-16 22:53:17] [INFO]   Dashboard activity appended for tyt.txt
[2026-02-16 22:53:17] [INFO]   Counts updated: Inbox=0 | Action=1 | Done=4
[2026-02-16 22:54:07] [DEBUG] [Cycle 6] Inbox empty, watching...
[2026-02-16 22:55:07] [DEBUG] [Cycle 12] Inbox empty, watching...
[2026-02-16 22:56:07] [DEBUG] [Cycle 18] Inbox empty, watching...
[2026-02-16 22:57:07] [DEBUG] [Cycle 24] Inbox empty, watching...
[2026-02-16 22:58:07] [DEBUG] [Cycle 30] Inbox empty, watching...
[2026-02-16 22:59:07] [DEBUG] [Cycle 36] Inbox empty, watching...
[2026-02-16 23:00:07] [DEBUG] [Cycle 42] Inbox empty, watching...
[2026-02-16 23:01:07] [DEBUG] [Cycle 48] Inbox empty, watching...
[2026-02-16 23:02:07] [DEBUG] [Cycle 54] Inbox empty, watching...
[2026-02-16 23:03:07] [DEBUG] [Cycle 60] Inbox empty, watching...
[2026-02-16 23:04:07] [DEBUG] [Cycle 66] Inbox empty, watching...
[2026-02-16 23:05:07] [DEBUG] [Cycle 72] Inbox empty, watching...
[2026-02-16 23:06:07] [DEBUG] [Cycle 78] Inbox empty, watching...
[2026-02-16 23:51:34] [INFO] =======================================================
[2026-02-16 23:51:34] [INFO]   BRONZE TIER - FILESYSTEM WATCHER v3.0
[2026-02-16 23:51:34] [INFO] =======================================================
[2026-02-16 23:51:34] [INFO]   Vault:    E:\Personal-AI-Employee-Hackathon-0\AI-Employee-Vault\bronze-tier
[2026-02-16 23:51:34] [INFO]   Monitor:  E:\Personal-AI-Employee-Hackathon-0\AI-Employee-Vault\bronze-tier\Inbox
[2026-02-16 23:51:34] [INFO]   Target:   E:\Personal-AI-Employee-Hackathon-0\AI-Employee-Vault\bronze-tier\Needs_Action
[2026-02-16 23:51:34] [INFO]   Log file: E:\Personal-AI-Employee-Hackathon-0\AI-Employee-Vault\bronze-tier\Logs\watcher.log
[2026-02-16 23:51:34] [INFO]   Interval: 10s
[2026-02-16 23:51:34] [INFO] =======================================================
[2026-02-16 23:51:34] [INFO]   Drop any file in /Inbox — watcher will pick it up!
[2026-02-16 23:51:34] [WARNING]   Press Ctrl+C to stop
[2026-02-16 23:51:34] [INFO] =======================================================
[2026-02-16 23:52:24] [INFO] [Cycle 6] Found 1 new file(s)!
[2026-02-16 23:52:24] [INFO]   >> actionss.txt --> /Needs_Action/actionss_processed.md
[2026-02-16 23:52:24] [INFO]   Dashboard activity appended for actionss.txt
[2026-02-16 23:52:24] [INFO]   Counts updated: Inbox=0 | Action=1 | Done=5
[2026-02-16 23:53:24] [DEBUG] [Cycle 12] Inbox empty, watching...
[2026-02-16 23:54:24] [DEBUG] [Cycle 18] Inbox empty, watching...
[2026-02-16 23:55:24] [DEBUG] [Cycle 24] Inbox empty, watching...
[2026-02-16 23:56:24] [DEBUG] [Cycle 30] Inbox empty, watching...
[2026-02-16 23:57:24] [DEBUG] [Cycle 36] Inbox empty, watching...
[2026-02-16 23:58:24] [DEBUG] [Cycle 42] Inbox empty, watching...
[2026-02-16 23:59:24] [DEBUG] [Cycle 48] Inbox empty, watching...
[2026-02-17 00:00:24] [DEBUG] [Cycle 54] Inbox empty, watching...
[2026-02-17 00:01:24] [DEBUG] [Cycle 60] Inbox empty, watching...
[2026-02-17 00:02:24] [DEBUG] [Cycle 66] Inbox empty, watching...
[2026-02-17 00:03:24] [DEBUG] [Cycle 72] Inbox empty, watching...
[2026-02-17 00:04:24] [DEBUG] [Cycle 78] Inbox empty, watching...
[2026-02-17 00:05:24] [DEBUG] [Cycle 84] Inbox empty, watching...
[2026-02-17 00:20:48] [INFO] =======================================================
[2026-02-17 00:20:48] [INFO]   BRONZE TIER - FILESYSTEM WATCHER v3.0
[2026-02-17 00:20:48] [INFO] =======================================================
[2026-02-17 00:20:48] [INFO]   Vault:    E:\Personal-AI-Employee-Hackathon-0\AI-Employee-Vault\bronze-tier
[2026-02-17 00:20:48] [INFO]   Monitor:  E:\Personal-AI-Employee-Hackathon-0\AI-Employee-Vault\bronze-tier\Inbox
[2026-02-17 00:20:48] [INFO]   Target:   E:\Personal-AI-Employee-Hackathon-0\AI-Employee-Vault\bronze-tier\Needs_Action
[2026-02-17 00:20:48] [INFO]   Log file: E:\Personal-AI-Employee-Hackathon-0\AI-Employee-Vault\bronze-tier\Logs\watcher.log
[2026-02-17 00:20:48] [INFO]   Interval: 10s
[2026-02-17 00:20:48] [INFO] =======================================================
[2026-02-17 00:20:48] [INFO]   Drop any file in /Inbox — watcher will pick it up!
[2026-02-17 00:20:48] [WARNING]   Press Ctrl+C to stop
[2026-02-17 00:20:48] [INFO] =======================================================
[2026-02-17 00:21:18] [INFO] [Cycle 4] Found 1 new file(s)!
[2026-02-17 00:21:18] [INFO]   >> autofiles.txt --> /Needs_Action/autofiles_processed.md
[2026-02-17 00:21:18] [INFO]   Dashboard activity appended for autofiles.txt
[2026-02-17 00:21:18] [INFO]   Counts updated: Inbox=0 | Action=1 | Done=6
[2026-02-17 00:21:38] [DEBUG] [Cycle 6] Inbox empty, watching...
[2026-02-17 00:22:38] [DEBUG] [Cycle 12] Inbox empty, watching...
[2026-02-17 00:23:38] [DEBUG] [Cycle 18] Inbox empty, watching...
[2026-02-17 00:24:38] [DEBUG] [Cycle 24] Inbox empty, watching...
[2026-02-17 00:25:38] [DEBUG] [Cycle 30] Inbox empty, watching...
[2026-02-17 00:26:38] [DEBUG] [Cycle 36] Inbox empty, watching...
[2026-02-17 01:37:49] [INFO] =======================================================
[2026-02-17 01:37:49] [INFO]   BRONZE TIER - FILESYSTEM WATCHER v3.0
[2026-02-17 01:37:49] [INFO] =======================================================
[2026-02-17 01:37:49] [INFO]   Vault:    E:\Personal-AI-Employee-Hackathon-0\AI-Employee-Vault\bronze-tier
[2026-02-17 01:37:49] [INFO]   Monitor:  E:\Personal-AI-Employee-Hackathon-0\AI-Employee-Vault\bronze-tier\Inbox
[2026-02-17 01:37:49] [INFO]   Target:   E:\Personal-AI-Employee-Hackathon-0\AI-Employee-Vault\bronze-tier\Needs_Action
[2026-02-17 01:37:49] [INFO]   Log file: E:\Personal-AI-Employee-Hackathon-0\AI-Employee-Vault\bronze-tier\Logs\watcher.log
[2026-02-17 01:37:49] [INFO]   Interval: 10s
[2026-02-17 01:37:49] [INFO] =======================================================
[2026-02-17 01:37:49] [INFO]   Drop any file in /Inbox — watcher will pick it up!
[2026-02-17 01:37:49] [WARNING]   Press Ctrl+C to stop
[2026-02-17 01:37:49] [INFO] =======================================================
[2026-02-17 01:38:29] [INFO] [Cycle 5] Found 1 new file(s)!
[2026-02-17 01:38:29] [INFO]   >> clients_notes.txt --> /Needs_Action/clients_notes_processed.md
[2026-02-17 01:38:29] [INFO]   Dashboard activity appended for clients_notes.txt
[2026-02-17 01:38:29] [INFO]   Counts updated: Inbox=0 | Action=1 | Done=1
[2026-02-17 01:38:39] [DEBUG] [Cycle 6] Inbox empty, watching...
[2026-02-17 01:39:39] [DEBUG] [Cycle 12] Inbox empty, watching...
[2026-02-17 01:40:39] [DEBUG] [Cycle 18] Inbox empty, watching...
[2026-02-17 01:41:39] [DEBUG] [Cycle 24] Inbox empty, watching...
[2026-02-17 01:42:39] [DEBUG] [Cycle 30] Inbox empty, watching...
[2026-02-17 01:43:39] [DEBUG] [Cycle 36] Inbox empty, watching...
[2026-02-17 01:44:39] [DEBUG] [Cycle 42] Inbox empty, watching...
[2026-02-17 01:45:39] [DEBUG] [Cycle 48] Inbox empty, watching...
[2026-02-17 01:46:39] [DEBUG] [Cycle 54] Inbox empty, watching...
[2026-02-17 01:59:29] [INFO] =======================================================
[2026-02-17 01:59:29] [INFO]   BRONZE TIER - FILESYSTEM WATCHER v3.0
[2026-02-17 01:59:29] [INFO] =======================================================
[2026-02-17 01:59:29] [INFO]   Vault:    E:\Personal-AI-Employee-Hackathon-0\AI-Employee-Vault\bronze-tier
[2026-02-17 01:59:29] [INFO]   Monitor:  E:\Personal-AI-Employee-Hackathon-0\AI-Employee-Vault\bronze-tier\Inbox
[2026-02-17 01:59:29] [INFO]   Target:   E:\Personal-AI-Employee-Hackathon-0\AI-Employee-Vault\bronze-tier\Needs_Action
[2026-02-17 01:59:29] [INFO]   Log file: E:\Personal-AI-Employee-Hackathon-0\AI-Employee-Vault\bronze-tier\Logs\watcher.log
[2026-02-17 01:59:29] [INFO]   Interval: 10s
[2026-02-17 01:59:29] [INFO] =======================================================
[2026-02-17 01:59:29] [INFO]   Drop any file in /Inbox — watcher will pick it up!
[2026-02-17 01:59:29] [WARNING]   Press Ctrl+C to stop
[2026-02-17 01:59:29] [INFO] =======================================================
[2026-02-17 01:59:59] [INFO] [Cycle 4] Found 1 new file(s)!
[2026-02-17 01:59:59] [INFO]   >> clients_notes.txt --> /Needs_Action/clients_notes_processed.md
[2026-02-17 01:59:59] [INFO]   Dashboard activity appended for clients_notes.txt
[2026-02-17 02:00:00] [INFO]   Counts updated: Inbox=0 | Action=1 | Done=1
[2026-02-17 02:00:20] [DEBUG] [Cycle 6] Inbox empty, watching...
[2026-02-17 02:01:20] [DEBUG] [Cycle 12] Inbox empty, watching...
[2026-02-17 02:03:39] [INFO] =======================================================
[2026-02-17 02:03:39] [INFO]   BRONZE TIER - FILESYSTEM WATCHER v3.0
[2026-02-17 02:03:39] [INFO] =======================================================
[2026-02-17 02:03:39] [INFO]   Vault:    E:\Personal-AI-Employee-Hackathon-0\AI-Employee-Vault\bronze-tier
[2026-02-17 02:03:39] [INFO]   Monitor:  E:\Personal-AI-Employee-Hackathon-0\AI-Employee-Vault\bronze-tier\Inbox
[2026-02-17 02:03:39] [INFO]   Target:   E:\Personal-AI-Employee-Hackathon-0\AI-Employee-Vault\bronze-tier\Needs_Action
[2026-02-17 02:03:39] [INFO]   Log file: E:\Personal-AI-Employee-Hackathon-0\AI-Employee-Vault\bronze-tier\Logs\watcher.log
[2026-02-17 02:03:39] [INFO]   Interval: 10s
[2026-02-17 02:03:39] [INFO] =======================================================
[2026-02-17 02:03:39] [INFO]   Drop any file in /Inbox — watcher will pick it up!
[2026-02-17 02:03:39] [WARNING]   Press Ctrl+C to stop
[2026-02-17 02:03:39] [INFO] =======================================================
[2026-02-17 02:03:59] [INFO] [Cycle 3] Found 1 new file(s)!
[2026-02-17 02:03:59] [INFO]   >> clients_notes.txt --> /Needs_Action/clients_notes_processed.md
[2026-02-17 02:03:59] [INFO]   Dashboard activity appended for clients_notes.txt
[2026-02-17 02:03:59] [INFO]   Counts updated: Inbox=0 | Action=1 | Done=1
[2026-02-17 02:04:29] [DEBUG] [Cycle 6] Inbox empty, watching...
[2026-02-17 02:05:29] [DEBUG] [Cycle 12] Inbox empty, watching...
[2026-02-17 02:06:29] [DEBUG] [Cycle 18] Inbox empty, watching...
[2026-02-17 02:07:29] [DEBUG] [Cycle 24] Inbox empty, watching...
[2026-02-17 02:07:55] [INFO] =======================================================
[2026-02-17 02:07:55] [INFO]   BRONZE TIER - FILESYSTEM WATCHER v3.0
[2026-02-17 02:07:55] [INFO] =======================================================
[2026-02-17 02:07:55] [INFO]   Vault:    E:\Personal-AI-Employee-Hackathon-0\AI-Employee-Vault\bronze-tier
[2026-02-17 02:07:55] [INFO]   Monitor:  E:\Personal-AI-Employee-Hackathon-0\AI-Employee-Vault\bronze-tier\Inbox
[2026-02-17 02:07:55] [INFO]   Target:   E:\Personal-AI-Employee-Hackathon-0\AI-Employee-Vault\bronze-tier\Needs_Action
[2026-02-17 02:07:55] [INFO]   Log file: E:\Personal-AI-Employee-Hackathon-0\AI-Employee-Vault\bronze-tier\Logs\watcher.log
[2026-02-17 02:07:55] [INFO]   Interval: 10s
[2026-02-17 02:07:55] [INFO] =======================================================
[2026-02-17 02:07:55] [INFO]   Drop any file in /Inbox — watcher will pick it up!
[2026-02-17 02:07:55] [WARNING]   Press Ctrl+C to stop
[2026-02-17 02:07:55] [INFO] =======================================================
[2026-02-17 02:08:05] [INFO] [Cycle 2] Found 1 new file(s)!
[2026-02-17 02:08:05] [INFO]   >> clients_notes.txt --> /Needs_Action/clients_notes_processed.md
[2026-02-17 02:08:05] [INFO]   Dashboard activity appended for clients_notes.txt
[2026-02-17 02:08:06] [INFO]   Counts updated: Inbox=0 | Action=1 | Done=0
[2026-02-17 02:08:29] [DEBUG] [Cycle 30] Inbox empty, watching...
[2026-02-17 02:08:46] [DEBUG] [Cycle 6] Inbox empty, watching...
[2026-02-17 02:09:29] [DEBUG] [Cycle 36] Inbox empty, watching...
[2026-02-17 02:09:46] [DEBUG] [Cycle 12] Inbox empty, watching...
[2026-02-17 02:10:30] [DEBUG] [Cycle 42] Inbox empty, watching...
[2026-02-17 02:10:46] [DEBUG] [Cycle 18] Inbox empty, watching...
[2026-02-17 02:11:30] [DEBUG] [Cycle 48] Inbox empty, watching...
[2026-02-17 02:11:46] [DEBUG] [Cycle 24] Inbox empty, watching...
[2026-02-17 02:12:30] [DEBUG] [Cycle 54] Inbox empty, watching...
[2026-02-17 02:12:46] [DEBUG] [Cycle 30] Inbox empty, watching...
[2026-02-17 02:13:30] [DEBUG] [Cycle 60] Inbox empty, watching...
[2026-02-17 02:13:46] [DEBUG] [Cycle 36] Inbox empty, watching...
[2026-02-17 02:14:29] [DEBUG] [Cycle 66] Inbox empty, watching...
[2026-02-17 02:14:46] [DEBUG] [Cycle 42] Inbox empty, watching...
[2026-02-17 02:15:29] [DEBUG] [Cycle 72] Inbox empty, watching...
[2026-02-17 02:15:46] [DEBUG] [Cycle 48] Inbox empty, watching...
[2026-02-17 02:16:29] [DEBUG] [Cycle 78] Inbox empty, watching...
[2026-02-17 02:16:46] [DEBUG] [Cycle 54] Inbox empty, watching...
[2026-02-17 02:17:29] [DEBUG] [Cycle 84] Inbox empty, watching...
[2026-02-17 02:17:46] [DEBUG] [Cycle 60] Inbox empty, watching...
[2026-02-17 02:50:49] [INFO] =======================================================
[2026-02-17 02:50:49] [INFO]   BRONZE TIER - FILESYSTEM WATCHER v3.0
[2026-02-17 02:50:49] [INFO] =======================================================
[2026-02-17 02:50:49] [INFO]   Vault:    E:\Personal-AI-Employee-Hackathon-0\AI-Employee-Vault\bronze-tier
[2026-02-17 02:50:49] [INFO]   Monitor:  E:\Personal-AI-Employee-Hackathon-0\AI-Employee-Vault\bronze-tier\Inbox
[2026-02-17 02:50:49] [INFO]   Target:   E:\Personal-AI-Employee-Hackathon-0\AI-Employee-Vault\bronze-tier\Needs_Action
[2026-02-17 02:50:49] [INFO]   Log file: E:\Personal-AI-Employee-Hackathon-0\AI-Employee-Vault\bronze-tier\Logs\watcher.log
[2026-02-17 02:50:49] [INFO]   Interval: 10s
[2026-02-17 02:50:49] [INFO] =======================================================
[2026-02-17 02:50:49] [INFO]   Drop any file in /Inbox — watcher will pick it up!
[2026-02-17 02:50:49] [WARNING]   Press Ctrl+C to stop
[2026-02-17 02:50:49] [INFO] =======================================================
[2026-02-17 02:50:59] [INFO] [Cycle 2] Found 1 new file(s)!
[2026-02-17 02:50:59] [INFO]   >> clients_notes.txt --> /Needs_Action/clients_notes_processed.md
[2026-02-17 02:51:00] [INFO]   Dashboard activity appended for clients_notes.txt
[2026-02-17 02:51:00] [INFO]   Counts updated: Inbox=0 | Action=1 | Done=0
[2026-02-17 02:51:40] [DEBUG] [Cycle 6] Inbox empty, watching...
[2026-02-17 02:52:40] [DEBUG] [Cycle 12] Inbox empty, watching...
[2026-02-17 02:53:40] [DEBUG] [Cycle 18] Inbox empty, watching...
[2026-02-17 02:54:40] [DEBUG] [Cycle 24] Inbox empty, watching...
[2026-02-17 02:55:41] [DEBUG] [Cycle 30] Inbox empty, watching...
[2026-02-17 02:56:41] [DEBUG] [Cycle 36] Inbox empty, watching...
[2026-02-17 02:57:41] [DEBUG] [Cycle 42] Inbox empty, watching...
[2026-02-17 02:58:41] [DEBUG] [Cycle 48] Inbox empty, watching...
[2026-02-17 02:59:41] [DEBUG] [Cycle 54] Inbox empty, watching...
[2026-02-17 03:00:41] [DEBUG] [Cycle 60] Inbox empty, watching...
[2026-02-17 03:01:41] [DEBUG] [Cycle 66] Inbox empty, watching...
[2026-02-17 03:02:41] [DEBUG] [Cycle 72] Inbox empty, watching...
[2026-02-17 03:03:41] [DEBUG] [Cycle 78] Inbox empty, watching...
[2026-02-17 03:04:41] [DEBUG] [Cycle 84] Inbox empty, watching...
[2026-02-17 03:05:41] [DEBUG] [Cycle 90] Inbox empty, watching...
[2026-02-17 03:06:41] [DEBUG] [Cycle 96] Inbox empty, watching...
[2026-02-17 03:07:41] [DEBUG] [Cycle 102] Inbox empty, watching...
[2026-02-17 03:08:41] [DEBUG] [Cycle 108] Inbox empty, watching...
[2026-02-17 03:09:41] [DEBUG] [Cycle 114] Inbox empty, watching...
[2026-02-17 03:10:41] [DEBUG] [Cycle 120] Inbox empty, watching...
[2026-02-17 03:11:41] [DEBUG] [Cycle 126] Inbox empty, watching...
[2026-02-17 03:12:41] [DEBUG] [Cycle 132] Inbox empty, watching...
[2026-02-17 03:13:41] [DEBUG] [Cycle 138] Inbox empty, watching...
[2026-02-17 03:14:41] [DEBUG] [Cycle 144] Inbox empty, watching...
[2026-02-17 03:15:41] [DEBUG] [Cycle 150] Inbox empty, watching...
[2026-02-17 03:16:41] [DEBUG] [Cycle 156] Inbox empty, watching...
[2026-02-17 03:17:41] [DEBUG] [Cycle 162] Inbox empty, watching...
[2026-02-17 03:18:41] [DEBUG] [Cycle 168] Inbox empty, watching...
[2026-02-17 03:19:41] [DEBUG] [Cycle 174] Inbox empty, watching...
[2026-02-17 03:20:41] [DEBUG] [Cycle 180] Inbox empty, watching...
[2026-02-17 03:21:41] [DEBUG] [Cycle 186] Inbox empty, watching...
[2026-02-17 03:22:41] [DEBUG] [Cycle 192] Inbox empty, watching...
[2026-02-17 03:23:41] [DEBUG] [Cycle 198] Inbox empty, watching...
[2026-02-17 03:24:41] [DEBUG] [Cycle 204] Inbox empty, watching...
[2026-02-17 03:25:41] [DEBUG] [Cycle 210] Inbox empty, watching...
[2026-02-17 03:26:41] [DEBUG] [Cycle 216] Inbox empty, watching...
[2026-02-17 03:27:42] [DEBUG] [Cycle 222] Inbox empty, watching...
